# JRE version: OpenJDK Runtime Environment (11.0.10) (build 11.0.10+0-b96-7249189)
# Java VM: OpenJDK 64-Bit Server VM (11.0.10+0-b96-7249189, mixed mode, tiered, compressed oops, g1 gc, windows-amd64)
Heap:
 garbage-first heap   total 183296K, used 124655K [0x0000000080000000, 0x0000000100000000)
  region size 1024K, 76 young (77824K), 10 survivors (10240K)
 Metaspace       used 79204K, capacity 81421K, committed 81664K, reserved 1120256K
  class space    used 10407K, capacity 11255K, committed 11264K, reserved 1048576K
GC Heap History (20 events):
Event: 1.590 GC heap before
{Heap before GC invocations=2 (full 0):
 garbage-first heap   total 126976K, used 38229K [0x0000000080000000, 0x0000000100000000)
  region size 1024K, 33 young (33792K), 10 survivors (10240K)
 Metaspace       used 20611K, capacity 21140K, committed 21248K, reserved 1067008K
  class space    used 2530K, capacity 2728K, committed 2816K, reserved 1048576K
}
Event: 1.595 GC heap after
{Heap after GC invocations=3 (full 0):
 garbage-first heap   total 126976K, used 16957K [0x0000000080000000, 0x0000000100000000)
  region size 1024K, 1 young (1024K), 1 survivors (1024K)
 Metaspace       used 20611K, capacity 21140K, committed 21248K, reserved 1067008K
  class space    used 2530K, capacity 2728K, committed 2816K, reserved 1048576K
}
Event: 2.073 GC heap before
{Heap before GC invocations=4 (full 0):
 garbage-first heap   total 126976K, used 75325K [0x0000000080000000, 0x0000000100000000)
  region size 1024K, 58 young (59392K), 1 survivors (1024K)
 Metaspace       used 26268K, capacity 26938K, committed 27008K, reserved 1073152K
  class space    used 3460K, capacity 3709K, committed 3712K, reserved 1048576K
}
Event: 2.075 GC heap after
{Heap after GC invocations=5 (full 0):
 garbage-first heap   total 126976K, used 18695K [0x0000000080000000, 0x0000000100000000)
  region size 1024K, 3 young (3072K), 3 survivors (3072K)
 Metaspace       used 26268K, capacity 26938K, committed 27008K, reserved 1073152K
  class space    used 3460K, capacity 3709K, committed 3712K, reserved 1048576K
}
Event: 2.670 GC heap before
{Heap before GC invocations=5 (full 0):
 garbage-first heap   total 126976K, used 69895K [0x0000000080000000, 0x0000000100000000)
  region size 1024K, 54 young (55296K), 3 survivors (3072K)
 Metaspace       used 35040K, capacity 35798K, committed 35840K, reserved 1081344K
  class space    used 4547K, capacity 4832K, committed 4864K, reserved 1048576K
}
Event: 2.677 GC heap after
{Heap after GC invocations=6 (full 0):
 garbage-first heap   total 126976K, used 22071K [0x0000000080000000, 0x0000000100000000)
  region size 1024K, 6 young (6144K), 6 survivors (6144K)
 Metaspace       used 35040K, capacity 35798K, committed 35840K, reserved 1081344K
  class space    used 4547K, capacity 4832K, committed 4864K, reserved 1048576K
}
Event: 3.165 GC heap before
{Heap before GC invocations=7 (full 0):
 garbage-first heap   total 126976K, used 86583K [0x0000000080000000, 0x0000000100000000)
  region size 1024K, 67 young (68608K), 6 survivors (6144K)
 Metaspace       used 39466K, capacity 40430K, committed 40576K, reserved 1085440K
  class space    used 5058K, capacity 5390K, committed 5504K, reserved 1048576K
}
Event: 3.172 GC heap after
{Heap after GC invocations=8 (full 0):
 garbage-first heap   total 152576K, used 27234K [0x0000000080000000, 0x0000000100000000)
  region size 1024K, 9 young (9216K), 9 survivors (9216K)
 Metaspace       used 39466K, capacity 40430K, committed 40576K, reserved 1085440K
  class space    used 5058K, capacity 5390K, committed 5504K, reserved 1048576K
}
Event: 3.892 GC heap before
{Heap before GC invocations=8 (full 0):
 garbage-first heap   total 152576K, used 100962K [0x0000000080000000, 0x0000000100000000)
  region size 1024K, 80 young (81920K), 9 survivors (9216K)
 Metaspace       used 45807K, capacity 46952K, committed 47104K, reserved 1089536K
  class space    used 5883K, capacity 6300K, committed 6400K, reserved 1048576K
}
Event: 3.898 GC heap after
{Heap after GC invocations=9 (full 0):
 garbage-first heap   total 152576K, used 30146K [0x0000000080000000, 0x0000000100000000)
  region size 1024K, 8 young (8192K), 8 survivors (8192K)
 Metaspace       used 45807K, capacity 46952K, committed 47104K, reserved 1089536K
  class space    used 5883K, capacity 6300K, committed 6400K, reserved 1048576K
}
Event: 4.667 GC heap before
{Heap before GC invocations=9 (full 0):
 garbage-first heap   total 152576K, used 107970K [0x0000000080000000, 0x0000000100000000)
  region size 1024K, 81 young (82944K), 8 survivors (8192K)
 Metaspace       used 51891K, capacity 53297K, committed 53504K, reserved 1095680K
  class space    used 6627K, capacity 7141K, committed 7168K, reserved 1048576K
}
Event: 4.673 GC heap after
{Heap after GC invocations=10 (full 0):
 garbage-first heap   total 152576K, used 42054K [0x0000000080000000, 0x0000000100000000)
  region size 1024K, 11 young (11264K), 11 survivors (11264K)
 Metaspace       used 51891K, capacity 53297K, committed 53504K, reserved 1095680K
  class space    used 6627K, capacity 7141K, committed 7168K, reserved 1048576K
}
Event: 5.153 GC heap before
{Heap before GC invocations=10 (full 0):
 garbage-first heap   total 152576K, used 81990K [0x0000000080000000, 0x0000000100000000)
  region size 1024K, 51 young (52224K), 11 survivors (11264K)
 Metaspace       used 58561K, capacity 60052K, committed 60160K, reserved 1101824K
  class space    used 7442K, capacity 7981K, committed 8064K, reserved 1048576K
}
Event: 5.165 GC heap after
{Heap after GC invocations=11 (full 0):
 garbage-first heap   total 152576K, used 45320K [0x0000000080000000, 0x0000000100000000)
  region size 1024K, 3 young (3072K), 3 survivors (3072K)
 Metaspace       used 58561K, capacity 60052K, committed 60160K, reserved 1101824K
  class space    used 7442K, capacity 7981K, committed 8064K, reserved 1048576K
}
Event: 5.669 GC heap before
{Heap before GC invocations=12 (full 0):
 garbage-first heap   total 152576K, used 105736K [0x0000000080000000, 0x0000000100000000)
  region size 1024K, 62 young (63488K), 3 survivors (3072K)
 Metaspace       used 63158K, capacity 64696K, committed 65024K, reserved 1105920K
  class space    used 8050K, capacity 8618K, committed 8704K, reserved 1048576K
}
Event: 5.678 GC heap after
{Heap after GC invocations=13 (full 0):
 garbage-first heap   total 183296K, used 49718K [0x0000000080000000, 0x0000000100000000)
  region size 1024K, 8 young (8192K), 8 survivors (8192K)
 Metaspace       used 63158K, capacity 64696K, committed 65024K, reserved 1105920K
  class space    used 8050K, capacity 8618K, committed 8704K, reserved 1048576K
}
Event: 6.412 GC heap before
{Heap before GC invocations=14 (full 0):
 garbage-first heap   total 183296K, used 121398K [0x0000000080000000, 0x0000000100000000)
  region size 1024K, 78 young (79872K), 8 survivors (8192K)
 Metaspace       used 69512K, capacity 71137K, committed 71424K, reserved 1112064K
  class space    used 9031K, capacity 9624K, committed 9728K, reserved 1048576K
}
Event: 6.421 GC heap after
{Heap after GC invocations=15 (full 0):
 garbage-first heap   total 183296K, used 54794K [0x0000000080000000, 0x0000000100000000)
  region size 1024K, 6 young (6144K), 6 survivors (6144K)
 Metaspace       used 69512K, capacity 71137K, committed 71424K, reserved 1112064K
  class space    used 9031K, capacity 9624K, committed 9728K, reserved 1048576K
}
Event: 7.136 GC heap before
{Heap before GC invocations=15 (full 0):
 garbage-first heap   total 183296K, used 127498K [0x0000000080000000, 0x0000000100000000)
  region size 1024K, 77 young (78848K), 6 survivors (6144K)
 Metaspace       used 76956K, capacity 78796K, committed 78848K, reserved 1118208K
  class space    used 10088K, capacity 10736K, committed 10752K, reserved 1048576K
}
Event: 7.142 GC heap after
{Heap after GC invocations=16 (full 0):
 garbage-first heap   total 183296K, used 59119K [0x0000000080000000, 0x0000000100000000)
  region size 1024K, 10 young (10240K), 10 survivors (10240K)
 Metaspace       used 76956K, capacity 78796K, committed 78848K, reserved 1118208K
  class space    used 10088K, capacity 10736K, committed 10752K, reserved 1048576K
}

