# JRE version: OpenJDK Runtime Environment (11.0.10) (build 11.0.10+0-b96-7249189)
# Java VM: OpenJDK 64-Bit Server VM (11.0.10+0-b96-7249189, mixed mode, tiered, compressed oops, g1 gc, windows-amd64)
Heap:
 garbage-first heap   total 183296K, used 111495K [0x0000000080000000, 0x0000000100000000)
  region size 1024K, 61 young (62464K), 6 survivors (6144K)
 Metaspace       used 75931K, capacity 77732K, committed 77952K, reserved 1116160K
  class space    used 9897K, capacity 10565K, committed 10624K, reserved 1048576K
GC Heap History (20 events):
Event: 1.873 GC heap before
{Heap before GC invocations=4 (full 0):
 garbage-first heap   total 126976K, used 67704K [0x0000000080000000, 0x0000000100000000)
  region size 1024K, 51 young (52224K), 1 survivors (1024K)
 Metaspace       used 25792K, capacity 26421K, committed 26752K, reserved 1073152K
  class space    used 3377K, capacity 3599K, committed 3712K, reserved 1048576K
}
Event: 1.875 GC heap after
{Heap after GC invocations=5 (full 0):
 garbage-first heap   total 126976K, used 18084K [0x0000000080000000, 0x0000000100000000)
  region size 1024K, 3 young (3072K), 3 survivors (3072K)
 Metaspace       used 25792K, capacity 26421K, committed 26752K, reserved 1073152K
  class space    used 3377K, capacity 3599K, committed 3712K, reserved 1048576K
}
Event: 2.374 GC heap before
{Heap before GC invocations=5 (full 0):
 garbage-first heap   total 126976K, used 74404K [0x0000000080000000, 0x0000000100000000)
  region size 1024K, 58 young (59392K), 3 survivors (3072K)
 Metaspace       used 34403K, capacity 35222K, committed 35328K, reserved 1079296K
  class space    used 4477K, capacity 4768K, committed 4864K, reserved 1048576K
}
Event: 2.379 GC heap after
{Heap after GC invocations=6 (full 0):
 garbage-first heap   total 126976K, used 21579K [0x0000000080000000, 0x0000000100000000)
  region size 1024K, 6 young (6144K), 6 survivors (6144K)
 Metaspace       used 34403K, capacity 35222K, committed 35328K, reserved 1079296K
  class space    used 4477K, capacity 4768K, committed 4864K, reserved 1048576K
}
Event: 2.408 GC heap before
{Heap before GC invocations=6 (full 0):
 garbage-first heap   total 126976K, used 23627K [0x0000000080000000, 0x0000000100000000)
  region size 1024K, 9 young (9216K), 6 survivors (6144K)
 Metaspace       used 35002K, capacity 35798K, committed 35840K, reserved 1081344K
  class space    used 4536K, capacity 4832K, committed 4864K, reserved 1048576K
}
Event: 2.414 GC heap after
{Heap after GC invocations=7 (full 0):
 garbage-first heap   total 126976K, used 21819K [0x0000000080000000, 0x0000000100000000)
  region size 1024K, 4 young (4096K), 4 survivors (4096K)
 Metaspace       used 35002K, capacity 35798K, committed 35840K, reserved 1081344K
  class space    used 4536K, capacity 4832K, committed 4864K, reserved 1048576K
}
Event: 2.775 GC heap before
{Heap before GC invocations=8 (full 0):
 garbage-first heap   total 126976K, used 71995K [0x0000000080000000, 0x0000000100000000)
  region size 1024K, 51 young (52224K), 4 survivors (4096K)
 Metaspace       used 38595K, capacity 39503K, committed 39680K, reserved 1083392K
  class space    used 4921K, capacity 5251K, committed 5376K, reserved 1048576K
}
Event: 2.780 GC heap after
{Heap after GC invocations=9 (full 0):
 garbage-first heap   total 152576K, used 26152K [0x0000000080000000, 0x0000000100000000)
  region size 1024K, 7 young (7168K), 7 survivors (7168K)
 Metaspace       used 38595K, capacity 39503K, committed 39680K, reserved 1083392K
  class space    used 4921K, capacity 5251K, committed 5376K, reserved 1048576K
}
Event: 3.265 GC heap before
{Heap before GC invocations=9 (full 0):
 garbage-first heap   total 152576K, used 86568K [0x0000000080000000, 0x0000000100000000)
  region size 1024K, 66 young (67584K), 7 survivors (7168K)
 Metaspace       used 43784K, capacity 44870K, committed 44928K, reserved 1087488K
  class space    used 5620K, capacity 5970K, committed 6016K, reserved 1048576K
}
Event: 3.269 GC heap after
{Heap after GC invocations=10 (full 0):
 garbage-first heap   total 152576K, used 28809K [0x0000000080000000, 0x0000000100000000)
  region size 1024K, 7 young (7168K), 7 survivors (7168K)
 Metaspace       used 43784K, capacity 44870K, committed 44928K, reserved 1087488K
  class space    used 5620K, capacity 5970K, committed 6016K, reserved 1048576K
}
Event: 3.803 GC heap before
{Heap before GC invocations=10 (full 0):
 garbage-first heap   total 152576K, used 96393K [0x0000000080000000, 0x0000000100000000)
  region size 1024K, 69 young (70656K), 7 survivors (7168K)
 Metaspace       used 47272K, capacity 48579K, committed 48768K, reserved 1091584K
  class space    used 6063K, capacity 6517K, committed 6528K, reserved 1048576K
}
Event: 3.810 GC heap after
{Heap after GC invocations=11 (full 0):
 garbage-first heap   total 152576K, used 40629K [0x0000000080000000, 0x0000000100000000)
  region size 1024K, 9 young (9216K), 9 survivors (9216K)
 Metaspace       used 47272K, capacity 48579K, committed 48768K, reserved 1091584K
  class space    used 6063K, capacity 6517K, committed 6528K, reserved 1048576K
}
Event: 4.293 GC heap before
{Heap before GC invocations=11 (full 0):
 garbage-first heap   total 152576K, used 101045K [0x0000000080000000, 0x0000000100000000)
  region size 1024K, 68 young (69632K), 9 survivors (9216K)
 Metaspace       used 55565K, capacity 56990K, committed 57344K, reserved 1099776K
  class space    used 7057K, capacity 7578K, committed 7680K, reserved 1048576K
}
Event: 4.300 GC heap after
{Heap after GC invocations=12 (full 0):
 garbage-first heap   total 152576K, used 44480K [0x0000000080000000, 0x0000000100000000)
  region size 1024K, 3 young (3072K), 3 survivors (3072K)
 Metaspace       used 55565K, capacity 56990K, committed 57344K, reserved 1099776K
  class space    used 7057K, capacity 7578K, committed 7680K, reserved 1048576K
}
Event: 4.513 GC heap before
{Heap before GC invocations=12 (full 0):
 garbage-first heap   total 152576K, used 61888K [0x0000000080000000, 0x0000000100000000)
  region size 1024K, 21 young (21504K), 3 survivors (3072K)
 Metaspace       used 58588K, capacity 60121K, committed 60160K, reserved 1101824K
  class space    used 7453K, capacity 8027K, committed 8064K, reserved 1048576K
}
Event: 4.518 GC heap after
{Heap after GC invocations=13 (full 0):
 garbage-first heap   total 183296K, used 45795K [0x0000000080000000, 0x0000000100000000)
  region size 1024K, 5 young (5120K), 5 survivors (5120K)
 Metaspace       used 58588K, capacity 60121K, committed 60160K, reserved 1101824K
  class space    used 7453K, capacity 8027K, committed 8064K, reserved 1048576K
}
Event: 5.007 GC heap before
{Heap before GC invocations=14 (full 0):
 garbage-first heap   total 183296K, used 114403K [0x0000000080000000, 0x0000000100000000)
  region size 1024K, 72 young (73728K), 5 survivors (5120K)
 Metaspace       used 63098K, capacity 64662K, committed 64768K, reserved 1105920K
  class space    used 8036K, capacity 8631K, committed 8704K, reserved 1048576K
}
Event: 5.016 GC heap after
{Heap after GC invocations=15 (full 0):
 garbage-first heap   total 183296K, used 51016K [0x0000000080000000, 0x0000000100000000)
  region size 1024K, 9 young (9216K), 9 survivors (9216K)
 Metaspace       used 63098K, capacity 64662K, committed 64768K, reserved 1105920K
  class space    used 8036K, capacity 8631K, committed 8704K, reserved 1048576K
}
Event: 5.679 GC heap before
{Heap before GC invocations=16 (full 0):
 garbage-first heap   total 183296K, used 121672K [0x0000000080000000, 0x0000000100000000)
  region size 1024K, 78 young (79872K), 9 survivors (9216K)
 Metaspace       used 69890K, capacity 71617K, committed 71680K, reserved 1112064K
  class space    used 9087K, capacity 9720K, committed 9728K, reserved 1048576K
}
Event: 5.688 GC heap after
{Heap after GC invocations=17 (full 0):
 garbage-first heap   total 183296K, used 56199K [0x0000000080000000, 0x0000000100000000)
  region size 1024K, 6 young (6144K), 6 survivors (6144K)
 Metaspace       used 69890K, capacity 71617K, committed 71680K, reserved 1112064K
  class space    used 9087K, capacity 9720K, committed 9728K, reserved 1048576K
}

