# JRE version: OpenJDK Runtime Environment (11.0.10) (build 11.0.10+0-b96-7249189)
# Java VM: OpenJDK 64-Bit Server VM (11.0.10+0-b96-7249189, mixed mode, tiered, compressed oops, g1 gc, windows-amd64)
Heap:
 garbage-first heap   total 183296K, used 111042K [0x0000000080000000, 0x0000000100000000)
  region size 1024K, 50 young (51200K), 11 survivors (11264K)
 Metaspace       used 88108K, capacity 90513K, committed 90700K, reserved 1128448K
  class space    used 11457K, capacity 12351K, committed 12364K, reserved 1048576K
GC Heap History (20 events):
Event: 2.472 GC heap before
{Heap before GC invocations=5 (full 0):
 garbage-first heap   total 126976K, used 72827K [0x0000000080000000, 0x0000000100000000)
  region size 1024K, 57 young (58368K), 3 survivors (3072K)
 Metaspace       used 35036K, capacity 35830K, committed 35840K, reserved 1081344K
  class space    used 4546K, capacity 4864K, committed 4864K, reserved 1048576K
}
Event: 2.480 GC heap after
{Heap after GC invocations=6 (full 0):
 garbage-first heap   total 126976K, used 22033K [0x0000000080000000, 0x0000000100000000)
  region size 1024K, 6 young (6144K), 6 survivors (6144K)
 Metaspace       used 35036K, capacity 35830K, committed 35840K, reserved 1081344K
  class space    used 4546K, capacity 4864K, committed 4864K, reserved 1048576K
}
Event: 2.985 GC heap before
{Heap before GC invocations=7 (full 0):
 garbage-first heap   total 126976K, used 85521K [0x0000000080000000, 0x0000000100000000)
  region size 1024K, 66 young (67584K), 6 survivors (6144K)
 Metaspace       used 39427K, capacity 40366K, committed 40524K, reserved 1085440K
  class space    used 5047K, capacity 5390K, committed 5452K, reserved 1048576K
}
Event: 2.991 GC heap after
{Heap after GC invocations=8 (full 0):
 garbage-first heap   total 152576K, used 27095K [0x0000000080000000, 0x0000000100000000)
  region size 1024K, 9 young (9216K), 9 survivors (9216K)
 Metaspace       used 39427K, capacity 40366K, committed 40524K, reserved 1085440K
  class space    used 5047K, capacity 5390K, committed 5452K, reserved 1048576K
}
Event: 3.611 GC heap before
{Heap before GC invocations=8 (full 0):
 garbage-first heap   total 152576K, used 100823K [0x0000000080000000, 0x0000000100000000)
  region size 1024K, 80 young (81920K), 9 survivors (9216K)
 Metaspace       used 45724K, capacity 46956K, committed 47052K, reserved 1089536K
  class space    used 5880K, capacity 6301K, committed 6348K, reserved 1048576K
}
Event: 3.617 GC heap after
{Heap after GC invocations=9 (full 0):
 garbage-first heap   total 152576K, used 29797K [0x0000000080000000, 0x0000000100000000)
  region size 1024K, 8 young (8192K), 8 survivors (8192K)
 Metaspace       used 45724K, capacity 46956K, committed 47052K, reserved 1089536K
  class space    used 5880K, capacity 6301K, committed 6348K, reserved 1048576K
}
Event: 4.224 GC heap before
{Heap before GC invocations=9 (full 0):
 garbage-first heap   total 152576K, used 107621K [0x0000000080000000, 0x0000000100000000)
  region size 1024K, 81 young (82944K), 8 survivors (8192K)
 Metaspace       used 51606K, capacity 52966K, committed 53324K, reserved 1095680K
  class space    used 6604K, capacity 7117K, committed 7244K, reserved 1048576K
}
Event: 4.230 GC heap after
{Heap after GC invocations=10 (full 0):
 garbage-first heap   total 152576K, used 41908K [0x0000000080000000, 0x0000000100000000)
  region size 1024K, 11 young (11264K), 11 survivors (11264K)
 Metaspace       used 51606K, capacity 52966K, committed 53324K, reserved 1095680K
  class space    used 6604K, capacity 7117K, committed 7244K, reserved 1048576K
}
Event: 4.653 GC heap before
{Heap before GC invocations=10 (full 0):
 garbage-first heap   total 152576K, used 82868K [0x0000000080000000, 0x0000000100000000)
  region size 1024K, 52 young (53248K), 11 survivors (11264K)
 Metaspace       used 58539K, capacity 60069K, committed 60236K, reserved 1101824K
  class space    used 7447K, capacity 7989K, committed 8012K, reserved 1048576K
}
Event: 4.663 GC heap after
{Heap after GC invocations=11 (full 0):
 garbage-first heap   total 152576K, used 45252K [0x0000000080000000, 0x0000000100000000)
  region size 1024K, 3 young (3072K), 3 survivors (3072K)
 Metaspace       used 58539K, capacity 60069K, committed 60236K, reserved 1101824K
  class space    used 7447K, capacity 7989K, committed 8012K, reserved 1048576K
}
Event: 5.112 GC heap before
{Heap before GC invocations=12 (full 0):
 garbage-first heap   total 152576K, used 106692K [0x0000000080000000, 0x0000000100000000)
  region size 1024K, 63 young (64512K), 3 survivors (3072K)
 Metaspace       used 63106K, capacity 64646K, committed 64716K, reserved 1105920K
  class space    used 8051K, capacity 8626K, committed 8652K, reserved 1048576K
}
Event: 5.118 GC heap after
{Heap after GC invocations=13 (full 0):
 garbage-first heap   total 183296K, used 49897K [0x0000000080000000, 0x0000000100000000)
  region size 1024K, 8 young (8192K), 8 survivors (8192K)
 Metaspace       used 63106K, capacity 64646K, committed 64716K, reserved 1105920K
  class space    used 8051K, capacity 8626K, committed 8652K, reserved 1048576K
}
Event: 5.732 GC heap before
{Heap before GC invocations=13 (full 0):
 garbage-first heap   total 183296K, used 123625K [0x0000000080000000, 0x0000000100000000)
  region size 1024K, 80 young (81920K), 8 survivors (8192K)
 Metaspace       used 69687K, capacity 71298K, committed 71372K, reserved 1112064K
  class space    used 9066K, capacity 9656K, committed 9676K, reserved 1048576K
}
Event: 5.740 GC heap after
{Heap after GC invocations=14 (full 0):
 garbage-first heap   total 183296K, used 55163K [0x0000000080000000, 0x0000000100000000)
  region size 1024K, 6 young (6144K), 6 survivors (6144K)
 Metaspace       used 69687K, capacity 71298K, committed 71372K, reserved 1112064K
  class space    used 9066K, capacity 9656K, committed 9676K, reserved 1048576K
}
Event: 6.480 GC heap before
{Heap before GC invocations=14 (full 0):
 garbage-first heap   total 183296K, used 129915K [0x0000000080000000, 0x0000000100000000)
  region size 1024K, 79 young (80896K), 6 survivors (6144K)
 Metaspace       used 77310K, capacity 79247K, committed 79436K, reserved 1118208K
  class space    used 10150K, capacity 10822K, committed 10828K, reserved 1048576K
}
Event: 6.486 GC heap after
{Heap after GC invocations=15 (full 0):
 garbage-first heap   total 183296K, used 59578K [0x0000000080000000, 0x0000000100000000)
  region size 1024K, 10 young (10240K), 10 survivors (10240K)
 Metaspace       used 77310K, capacity 79247K, committed 79436K, reserved 1118208K
  class space    used 10150K, capacity 10822K, committed 10828K, reserved 1048576K
}
Event: 7.010 GC heap before
{Heap before GC invocations=15 (full 0):
 garbage-first heap   total 183296K, used 133306K [0x0000000080000000, 0x0000000100000000)
  region size 1024K, 83 young (84992K), 10 survivors (10240K)
 Metaspace       used 79346K, capacity 81601K, committed 81740K, reserved 1120256K
  class space    used 10431K, capacity 11245K, committed 11340K, reserved 1048576K
}
Event: 7.019 GC heap after
{Heap after GC invocations=16 (full 0):
 garbage-first heap   total 183296K, used 64761K [0x0000000080000000, 0x0000000100000000)
  region size 1024K, 10 young (10240K), 10 survivors (10240K)
 Metaspace       used 79346K, capacity 81601K, committed 81740K, reserved 1120256K
  class space    used 10431K, capacity 11245K, committed 11340K, reserved 1048576K
}
Event: 8.638 GC heap before
{Heap before GC invocations=16 (full 0):
 garbage-first heap   total 183296K, used 137465K [0x0000000080000000, 0x0000000100000000)
  region size 1024K, 82 young (83968K), 10 survivors (10240K)
 Metaspace       used 85948K, capacity 88300K, committed 88524K, reserved 1126400K
  class space    used 11268K, capacity 12149K, committed 12236K, reserved 1048576K
}
Event: 8.645 GC heap after
{Heap after GC invocations=17 (full 0):
 garbage-first heap   total 183296K, used 70082K [0x0000000080000000, 0x0000000100000000)
  region size 1024K, 11 young (11264K), 11 survivors (11264K)
 Metaspace       used 85948K, capacity 88300K, committed 88524K, reserved 1126400K
  class space    used 11268K, capacity 12149K, committed 12236K, reserved 1048576K
}

