# JRE version: OpenJDK Runtime Environment (11.0.10) (build 11.0.10+0-b96-7249189)
# Java VM: OpenJDK 64-Bit Server VM (11.0.10+0-b96-7249189, mixed mode, tiered, compressed oops, g1 gc, windows-amd64)
Heap:
 garbage-first heap   total 183296K, used 51919K [0x0000000080000000, 0x0000000100000000)
  region size 1024K, 8 young (8192K), 8 survivors (8192K)
 Metaspace       used 66772K, capacity 68381K, committed 68608K, reserved 1107968K
  class space    used 8662K, capacity 9251K, committed 9292K, reserved 1048576K
GC Heap History (20 events):
Event: 1.549 GC heap after
{Heap after GC invocations=3 (full 0):
 garbage-first heap   total 126976K, used 16757K [0x0000000080000000, 0x0000000100000000)
  region size 1024K, 1 young (1024K), 1 survivors (1024K)
 Metaspace       used 20600K, capacity 21140K, committed 21248K, reserved 1067008K
  class space    used 2530K, capacity 2728K, committed 2816K, reserved 1048576K
}
Event: 1.867 GC heap before
{Heap before GC invocations=4 (full 0):
 garbage-first heap   total 126976K, used 64885K [0x0000000080000000, 0x0000000100000000)
  region size 1024K, 48 young (49152K), 1 survivors (1024K)
 Metaspace       used 25571K, capacity 26194K, committed 26368K, reserved 1073152K
  class space    used 3347K, capacity 3566K, committed 3584K, reserved 1048576K
}
Event: 1.869 GC heap after
{Heap after GC invocations=5 (full 0):
 garbage-first heap   total 126976K, used 18277K [0x0000000080000000, 0x0000000100000000)
  region size 1024K, 3 young (3072K), 3 survivors (3072K)
 Metaspace       used 25571K, capacity 26194K, committed 26368K, reserved 1073152K
  class space    used 3347K, capacity 3566K, committed 3584K, reserved 1048576K
}
Event: 2.319 GC heap before
{Heap before GC invocations=5 (full 0):
 garbage-first heap   total 126976K, used 71525K [0x0000000080000000, 0x0000000100000000)
  region size 1024K, 55 young (56320K), 3 survivors (3072K)
 Metaspace       used 32214K, capacity 33013K, committed 33152K, reserved 1077248K
  class space    used 4220K, capacity 4476K, committed 4480K, reserved 1048576K
}
Event: 2.322 GC heap after
{Heap after GC invocations=6 (full 0):
 garbage-first heap   total 126976K, used 20922K [0x0000000080000000, 0x0000000100000000)
  region size 1024K, 5 young (5120K), 5 survivors (5120K)
 Metaspace       used 32214K, capacity 33013K, committed 33152K, reserved 1077248K
  class space    used 4220K, capacity 4476K, committed 4480K, reserved 1048576K
}
Event: 2.443 GC heap before
{Heap before GC invocations=6 (full 0):
 garbage-first heap   total 126976K, used 28090K [0x0000000080000000, 0x0000000100000000)
  region size 1024K, 13 young (13312K), 5 survivors (5120K)
 Metaspace       used 35034K, capacity 35830K, committed 35840K, reserved 1081344K
  class space    used 4547K, capacity 4864K, committed 4864K, reserved 1048576K
}
Event: 2.450 GC heap after
{Heap after GC invocations=7 (full 0):
 garbage-first heap   total 126976K, used 22181K [0x0000000080000000, 0x0000000100000000)
  region size 1024K, 4 young (4096K), 4 survivors (4096K)
 Metaspace       used 35034K, capacity 35830K, committed 35840K, reserved 1081344K
  class space    used 4547K, capacity 4864K, committed 4864K, reserved 1048576K
}
Event: 2.767 GC heap before
{Heap before GC invocations=8 (full 0):
 garbage-first heap   total 126976K, used 69285K [0x0000000080000000, 0x0000000100000000)
  region size 1024K, 48 young (49152K), 4 survivors (4096K)
 Metaspace       used 38461K, capacity 39360K, committed 39628K, reserved 1083392K
  class space    used 4920K, capacity 5246K, committed 5324K, reserved 1048576K
}
Event: 2.773 GC heap after
{Heap after GC invocations=9 (full 0):
 garbage-first heap   total 126976K, used 26426K [0x0000000080000000, 0x0000000100000000)
  region size 1024K, 6 young (6144K), 6 survivors (6144K)
 Metaspace       used 38461K, capacity 39360K, committed 39628K, reserved 1083392K
  class space    used 4920K, capacity 5246K, committed 5324K, reserved 1048576K
}
Event: 3.139 GC heap before
{Heap before GC invocations=9 (full 0):
 garbage-first heap   total 126976K, used 72506K [0x0000000080000000, 0x0000000100000000)
  region size 1024K, 51 young (52224K), 6 survivors (6144K)
 Metaspace       used 42569K, capacity 43612K, committed 43724K, reserved 1087488K
  class space    used 5428K, capacity 5784K, committed 5836K, reserved 1048576K
}
Event: 3.144 GC heap after
{Heap after GC invocations=10 (full 0):
 garbage-first heap   total 152576K, used 27637K [0x0000000080000000, 0x0000000100000000)
  region size 1024K, 3 young (3072K), 3 survivors (3072K)
 Metaspace       used 42569K, capacity 43612K, committed 43724K, reserved 1087488K
  class space    used 5428K, capacity 5784K, committed 5836K, reserved 1048576K
}
Event: 3.648 GC heap before
{Heap before GC invocations=10 (full 0):
 garbage-first heap   total 152576K, used 91125K [0x0000000080000000, 0x0000000100000000)
  region size 1024K, 65 young (66560K), 3 survivors (3072K)
 Metaspace       used 46732K, capacity 47958K, committed 48204K, reserved 1091584K
  class space    used 6001K, capacity 6443K, committed 6476K, reserved 1048576K
}
Event: 3.652 GC heap after
{Heap after GC invocations=11 (full 0):
 garbage-first heap   total 152576K, used 30325K [0x0000000080000000, 0x0000000100000000)
  region size 1024K, 5 young (5120K), 5 survivors (5120K)
 Metaspace       used 46732K, capacity 47958K, committed 48204K, reserved 1091584K
  class space    used 6001K, capacity 6443K, committed 6476K, reserved 1048576K
}
Event: 4.206 GC heap before
{Heap before GC invocations=11 (full 0):
 garbage-first heap   total 152576K, used 99957K [0x0000000080000000, 0x0000000100000000)
  region size 1024K, 70 young (71680K), 5 survivors (5120K)
 Metaspace       used 53548K, capacity 54987K, committed 55372K, reserved 1097728K
  class space    used 6840K, capacity 7364K, committed 7500K, reserved 1048576K
}
Event: 4.213 GC heap after
{Heap after GC invocations=12 (full 0):
 garbage-first heap   total 152576K, used 41903K [0x0000000080000000, 0x0000000100000000)
  region size 1024K, 9 young (9216K), 9 survivors (9216K)
 Metaspace       used 53548K, capacity 54987K, committed 55372K, reserved 1097728K
  class space    used 6840K, capacity 7364K, committed 7500K, reserved 1048576K
}
Event: 4.565 GC heap before
{Heap before GC invocations=12 (full 0):
 garbage-first heap   total 152576K, used 70575K [0x0000000080000000, 0x0000000100000000)
  region size 1024K, 38 young (38912K), 9 survivors (9216K)
 Metaspace       used 58549K, capacity 60117K, committed 60288K, reserved 1101824K
  class space    used 7453K, capacity 8027K, committed 8140K, reserved 1048576K
}
Event: 4.576 GC heap after
{Heap after GC invocations=13 (full 0):
 garbage-first heap   total 152576K, used 44382K [0x0000000080000000, 0x0000000100000000)
  region size 1024K, 3 young (3072K), 3 survivors (3072K)
 Metaspace       used 58549K, capacity 60117K, committed 60288K, reserved 1101824K
  class space    used 7453K, capacity 8027K, committed 8140K, reserved 1048576K
}
Event: 5.106 GC heap before
{Heap before GC invocations=14 (full 0):
 garbage-first heap   total 152576K, used 95582K [0x0000000080000000, 0x0000000100000000)
  region size 1024K, 53 young (54272K), 3 survivors (3072K)
 Metaspace       used 62994K, capacity 64640K, committed 64896K, reserved 1105920K
  class space    used 8031K, capacity 8626K, committed 8652K, reserved 1048576K
}
Event: 5.112 GC heap after
{Heap after GC invocations=15 (full 0):
 garbage-first heap   total 152576K, used 47626K [0x0000000080000000, 0x0000000100000000)
  region size 1024K, 6 young (6144K), 6 survivors (6144K)
 Metaspace       used 62994K, capacity 64640K, committed 64896K, reserved 1105920K
  class space    used 8031K, capacity 8626K, committed 8652K, reserved 1048576K
}
Event: 5.574 GC heap before
{Heap before GC invocations=16 (full 0):
 garbage-first heap   total 152576K, used 100874K [0x0000000080000000, 0x0000000100000000)
  region size 1024K, 58 young (59392K), 6 survivors (6144K)
 Metaspace       used 66772K, capacity 68381K, committed 68608K, reserved 1107968K
  class space    used 8662K, capacity 9251K, committed 9292K, reserved 1048576K
}

